<testsuites id="" name="" tests="2" failures="2" skipped="0" errors="0" time="44.516786999999994">
<testsuite name="landing.spec.ts" timestamp="2025-11-11T13:07:00.957Z" hostname="chromium" tests="2" failures="2" skipped="0" time="35.23" errors="0">
<testcase name="Landing suite › Landing title" classname="landing.spec.ts" time="18.191">
<failure message="landing.spec.ts:4:7 Landing title" type="FAILURE">
<![CDATA[  [chromium] › landing.spec.ts:4:7 › Landing suite › Landing title ─────────────────────────────────

    TimeoutError: page.textContent: Timeout 10000ms exceeded.
    Call log:
      - waiting for locator('#landing-title')


      4 |   test('Landing title', async ({ page }) => {
      5 |     await page.goto('http://localhost:3080/', { timeout: 5000 });
    > 6 |     const pageTitle = await page.textContent('#landing-title');
        |                                  ^
      7 |     expect(pageTitle?.length).toBeGreaterThan(0);
      8 |   });
      9 |
        at /home/yuvaraj/Projects/LibreChat/e2e/specs/landing.spec.ts:6:34

    attachment #1: screenshot (image/png) ──────────────────────────────────────────────────────────
    .test-results/landing-Landing-suite-Landing-title-chromium/test-failed-1.png
    ────────────────────────────────────────────────────────────────────────────────────────────────

    attachment #2: video (video/webm) ──────────────────────────────────────────────────────────────
    .test-results/landing-Landing-suite-Landing-title-chromium/video.webm
    ────────────────────────────────────────────────────────────────────────────────────────────────

    Error Context: .test-results/landing-Landing-suite-Landing-title-chromium/error-context.md

    attachment #4: trace (application/zip) ─────────────────────────────────────────────────────────
    .test-results/landing-Landing-suite-Landing-title-chromium/trace.zip
    Usage:

        npx playwright show-trace .test-results/landing-Landing-suite-Landing-title-chromium/trace.zip

    ────────────────────────────────────────────────────────────────────────────────────────────────
]]>
</failure>
<system-out>
<![CDATA[
[[ATTACHMENT|specs/.test-results/landing-Landing-suite-Landing-title-chromium/test-failed-1.png]]

[[ATTACHMENT|specs/.test-results/landing-Landing-suite-Landing-title-chromium/video.webm]]

[[ATTACHMENT|specs/.test-results/landing-Landing-suite-Landing-title-chromium/error-context.md]]

[[ATTACHMENT|specs/.test-results/landing-Landing-suite-Landing-title-chromium/trace.zip]]
]]>
</system-out>
</testcase>
<testcase name="Landing suite › Create Conversation" classname="landing.spec.ts" time="17.039">
<failure message="landing.spec.ts:10:7 Create Conversation" type="FAILURE">
<![CDATA[  [chromium] › landing.spec.ts:10:7 › Landing suite › Create Conversation ──────────────────────────

    TimeoutError: page.waitForSelector: Timeout 10000ms exceeded.
    Call log:
      - waiting for locator('nav > div') to be visible


      22 |
      23 |     // Wait for the page to load and the SVG loader to disappear
    > 24 |     await page.waitForSelector('nav > div');
         |                ^
      25 |     await page.waitForSelector('nav > div > div > svg', { state: 'detached' });
      26 |
      27 |     const beforeAdding = (await getItems()).length;
        at /home/yuvaraj/Projects/LibreChat/e2e/specs/landing.spec.ts:24:16

    attachment #1: screenshot (image/png) ──────────────────────────────────────────────────────────
    .test-results/landing-Landing-suite-Create-Conversation-chromium/test-failed-1.png
    ────────────────────────────────────────────────────────────────────────────────────────────────

    attachment #2: video (video/webm) ──────────────────────────────────────────────────────────────
    .test-results/landing-Landing-suite-Create-Conversation-chromium/video.webm
    ────────────────────────────────────────────────────────────────────────────────────────────────

    Error Context: .test-results/landing-Landing-suite-Create-Conversation-chromium/error-context.md

    attachment #4: trace (application/zip) ─────────────────────────────────────────────────────────
    .test-results/landing-Landing-suite-Create-Conversation-chromium/trace.zip
    Usage:

        npx playwright show-trace .test-results/landing-Landing-suite-Create-Conversation-chromium/trace.zip

    ────────────────────────────────────────────────────────────────────────────────────────────────
]]>
</failure>
<system-out>
<![CDATA[
[[ATTACHMENT|specs/.test-results/landing-Landing-suite-Create-Conversation-chromium/test-failed-1.png]]

[[ATTACHMENT|specs/.test-results/landing-Landing-suite-Create-Conversation-chromium/video.webm]]

[[ATTACHMENT|specs/.test-results/landing-Landing-suite-Create-Conversation-chromium/error-context.md]]

[[ATTACHMENT|specs/.test-results/landing-Landing-suite-Create-Conversation-chromium/trace.zip]]
]]>
</system-out>
</testcase>
</testsuite>
</testsuites>